# JRE version: Java(TM) SE Runtime Environment (8.0_60-b27) (build 1.8.0_60-b27)
# Java VM: Java HotSpot(TM) Server VM (25.60-b23 mixed mode linux-x86 )
Heap:
 PSYoungGen      total 66048K, used 2551K [0x91ac0000, 0x95dc0000, 0xa7000000)
  eden space 63488K, 0% used [0x91ac0000,0x91ac0000,0x958c0000)
  from space 2560K, 99% used [0x958c0000,0x95b3dec8,0x95b40000)
  to   space 2560K, 0% used [0x95b40000,0x95b40000,0x95dc0000)
 ParOldGen       total 73728K, used 20739K [0x67000000, 0x6b800000, 0x91ac0000)
  object space 73728K, 28% used [0x67000000,0x68440e90,0x6b800000)
 Metaspace       used 4896K, capacity 4934K, committed 5016K, reserved 5424K
GC Heap History (10 events):
Event: 0.954 GC heap after
Heap after GC invocations=1 (full 0):
 PSYoungGen      total 18432K, used 2557K [0x91ac0000, 0x93ec0000, 0xa7000000)
  eden space 15872K, 0% used [0x91ac0000,0x91ac0000,0x92a40000)
  from space 2560K, 99% used [0x92a40000,0x92cbf418,0x92cc0000)
  to   space 2560K, 0% used [0x93c40000,0x93c40000,0x93ec0000)
 ParOldGen       total 42496K, used 1950K [0x67000000, 0x69980000, 0x91ac0000)
  object space 42496K, 4% used [0x67000000,0x671e7920,0x69980000)
 Metaspace       used 3590K, capacity 3614K, committed 3736K, reserved 4400K
}
Event: 1.067 GC heap before
{Heap before GC invocations=2 (full 0):
 PSYoungGen      total 18432K, used 18429K [0x91ac0000, 0x93ec0000, 0xa7000000)
  eden space 15872K, 100% used [0x91ac0000,0x92a40000,0x92a40000)
  from space 2560K, 99% used [0x92a40000,0x92cbf418,0x92cc0000)
  to   space 2560K, 0% used [0x93c40000,0x93c40000,0x93ec0000)
 ParOldGen       total 42496K, used 1950K [0x67000000, 0x69980000, 0x91ac0000)
  object space 42496K, 4% used [0x67000000,0x671e7920,0x69980000)
 Metaspace       used 3779K, capacity 3814K, committed 3864K, reserved 4400K
Event: 1.079 GC heap after
Heap after GC invocations=2 (full 0):
 PSYoungGen      total 34304K, used 2557K [0x91ac0000, 0x93ec0000, 0xa7000000)
  eden space 31744K, 0% used [0x91ac0000,0x91ac0000,0x939c0000)
  from space 2560K, 99% used [0x93c40000,0x93ebf4b8,0x93ec0000)
  to   space 2560K, 0% used [0x939c0000,0x939c0000,0x93c40000)
 ParOldGen       total 42496K, used 4699K [0x67000000, 0x69980000, 0x91ac0000)
  object space 42496K, 11% used [0x67000000,0x67496d98,0x69980000)
 Metaspace       used 3779K, capacity 3814K, committed 3864K, reserved 4400K
}
Event: 2.589 GC heap before
{Heap before GC invocations=3 (full 0):
 PSYoungGen      total 34304K, used 34122K [0x91ac0000, 0x93ec0000, 0xa7000000)
  eden space 31744K, 99% used [0x91ac0000,0x93993390,0x939c0000)
  from space 2560K, 99% used [0x93c40000,0x93ebf4b8,0x93ec0000)
  to   space 2560K, 0% used [0x939c0000,0x939c0000,0x93c40000)
 ParOldGen       total 42496K, used 4699K [0x67000000, 0x69980000, 0x91ac0000)
  object space 42496K, 11% used [0x67000000,0x67496d98,0x69980000)
 Metaspace       used 4506K, capacity 4550K, committed 4632K, reserved 5424K
Event: 2.604 GC heap after
Heap after GC invocations=3 (full 0):
 PSYoungGen      total 34304K, used 2559K [0x91ac0000, 0x95dc0000, 0xa7000000)
  eden space 31744K, 0% used [0x91ac0000,0x91ac0000,0x939c0000)
  from space 2560K, 99% used [0x939c0000,0x93c3fc30,0x93c40000)
  to   space 2560K, 0% used [0x95b40000,0x95b40000,0x95dc0000)
 ParOldGen       total 42496K, used 16603K [0x67000000, 0x69980000, 0x91ac0000)
  object space 42496K, 39% used [0x67000000,0x68036d18,0x69980000)
 Metaspace       used 4506K, capacity 4550K, committed 4632K, reserved 5424K
}
Event: 2.857 GC heap before
{Heap before GC invocations=4 (full 0):
 PSYoungGen      total 34304K, used 34303K [0x91ac0000, 0x95dc0000, 0xa7000000)
  eden space 31744K, 100% used [0x91ac0000,0x939c0000,0x939c0000)
  from space 2560K, 99% used [0x939c0000,0x93c3fc30,0x93c40000)
  to   space 2560K, 0% used [0x95b40000,0x95b40000,0x95dc0000)
 ParOldGen       total 42496K, used 16603K [0x67000000, 0x69980000, 0x91ac0000)
  object space 42496K, 39% used [0x67000000,0x68036d18,0x69980000)
 Metaspace       used 4607K, capacity 4614K, committed 4632K, reserved 5424K
Event: 3.654 GC heap after
Heap after GC invocations=4 (full 0):
 PSYoungGen      total 66048K, used 2556K [0x91ac0000, 0x95dc0000, 0xa7000000)
  eden space 63488K, 0% used [0x91ac0000,0x91ac0000,0x958c0000)
  from space 2560K, 99% used [0x95b40000,0x95dbf188,0x95dc0000)
  to   space 2560K, 0% used [0x958c0000,0x958c0000,0x95b40000)
 ParOldGen       total 50432K, used 49014K [0x67000000, 0x6a140000, 0x91ac0000)
  object space 50432K, 97% used [0x67000000,0x69fdd800,0x6a140000)
 Metaspace       used 4607K, capacity 4614K, committed 4632K, reserved 5424K
}
Event: 3.771 GC heap before
{Heap before GC invocations=5 (full 1):
 PSYoungGen      total 66048K, used 2556K [0x91ac0000, 0x95dc0000, 0xa7000000)
  eden space 63488K, 0% used [0x91ac0000,0x91ac0000,0x958c0000)
  from space 2560K, 99% used [0x95b40000,0x95dbf188,0x95dc0000)
  to   space 2560K, 0% used [0x958c0000,0x958c0000,0x95b40000)
 ParOldGen       total 50432K, used 49014K [0x67000000, 0x6a140000, 0x91ac0000)
  object space 50432K, 97% used [0x67000000,0x69fdd800,0x6a140000)
 Metaspace       used 4607K, capacity 4614K, committed 4632K, reserved 5424K
Event: 4.039 GC heap after
Heap after GC invocations=5 (full 1):
 PSYoungGen      total 66048K, used 0K [0x91ac0000, 0x95dc0000, 0xa7000000)
  eden space 63488K, 0% used [0x91ac0000,0x91ac0000,0x958c0000)
  from space 2560K, 0% used [0x95b40000,0x95b40000,0x95dc0000)
  to   space 2560K, 0% used [0x958c0000,0x958c0000,0x95b40000)
 ParOldGen       total 73728K, used 20461K [0x67000000, 0x6b800000, 0x91ac0000)
  object space 73728K, 27% used [0x67000000,0x683fb4a8,0x6b800000)
 Metaspace       used 4607K, capacity 4614K, committed 4632K, reserved 5424K
}
Event: 5.616 GC heap before
{Heap before GC invocations=6 (full 1):
 PSYoungGen      total 66048K, used 63488K [0x91ac0000, 0x95dc0000, 0xa7000000)
  eden space 63488K, 100% used [0x91ac0000,0x958c0000,0x958c0000)
  from space 2560K, 0% used [0x95b40000,0x95b40000,0x95dc0000)
  to   space 2560K, 0% used [0x958c0000,0x958c0000,0x95b40000)
 ParOldGen       total 73728K, used 20461K [0x67000000, 0x6b800000, 0x91ac0000)
  object space 73728K, 27% used [0x67000000,0x683fb4a8,0x6b800000)
 Metaspace       used 4896K, capacity 4934K, committed 5016K, reserved 5424K

